\BOOKMARK [0][-]{chapter.1}{Einleitung}{}% 1
\BOOKMARK [1][-]{section.1.1}{Motivation}{chapter.1}% 2
\BOOKMARK [1][-]{section.1.2}{Ziel der Arbeit}{chapter.1}% 3
\BOOKMARK [1][-]{section.1.3}{Vorherige Arbeiten}{chapter.1}% 4
\BOOKMARK [0][-]{chapter.2}{Entwicklungsumgebung}{}% 5
\BOOKMARK [1][-]{section.2.1}{Ubuntu Linux}{chapter.2}% 6
\BOOKMARK [1][-]{section.2.2}{Python}{chapter.2}% 7
\BOOKMARK [1][-]{section.2.3}{Tensorflow}{chapter.2}% 8
\BOOKMARK [1][-]{section.2.4}{CUDA}{chapter.2}% 9
\BOOKMARK [0][-]{chapter.3}{Neuronale Netze}{}% 10
\BOOKMARK [1][-]{section.3.1}{Logistic Regression}{chapter.3}% 11
\BOOKMARK [1][-]{section.3.2}{Deep Neural Networks}{chapter.3}% 12
\BOOKMARK [1][-]{section.3.3}{Convolutional Neural Networks}{chapter.3}% 13
\BOOKMARK [1][-]{section.3.4}{Neural Style Transfer}{chapter.3}% 14
\BOOKMARK [0][-]{chapter.4}{Durchf\374hrung des Experiments}{}% 15
\BOOKMARK [1][-]{section.4.1}{Vorbereitung der Eingabedaten}{chapter.4}% 16
\BOOKMARK [1][-]{section.4.2}{Anwendung herk\366mmlicher Shader}{chapter.4}% 17
\BOOKMARK [1][-]{section.4.3}{Hyperparameter}{chapter.4}% 18
\BOOKMARK [1][-]{section.4.4}{Performancebeobachtungen}{chapter.4}% 19
\BOOKMARK [1][-]{section.4.5}{Zusammenfassung}{chapter.4}% 20
\BOOKMARK [0][-]{chapter*.2}{Bildnachweis}{}% 21
\BOOKMARK [0][-]{chapter*.3}{Abk\374rzungs- und Symbolverzeichnis}{}% 22
\BOOKMARK [0][-]{chapter*.3}{Abbildungsverzeichnis}{}% 23
\BOOKMARK [0][-]{chapter*.4}{Tabellenverzeichnis}{}% 24
