\BOOKMARK [0][-]{chapter.1}{Einleitung}{}% 1
\BOOKMARK [0][-]{chapter.2}{Bisherige Arbeiten}{}% 2
\BOOKMARK [0][-]{chapter.3}{Modell}{}% 3
\BOOKMARK [1][-]{section.3.1}{Logistische Regression}{chapter.3}% 4
\BOOKMARK [1][-]{section.3.2}{Deep Neural Networks}{chapter.3}% 5
\BOOKMARK [1][-]{section.3.3}{Convolutional Neural Networks}{chapter.3}% 6
\BOOKMARK [1][-]{section.3.4}{U-Net-Architektur}{chapter.3}% 7
\BOOKMARK [1][-]{section.3.5}{Generative Adversarial Networks}{chapter.3}% 8
\BOOKMARK [1][-]{section.3.6}{Image-To-Image-Translation}{chapter.3}% 9
\BOOKMARK [0][-]{chapter.4}{Implementierung}{}% 10
\BOOKMARK [1][-]{section.4.1}{Entwicklungsumgebung}{chapter.4}% 11
\BOOKMARK [0][-]{chapter.5}{Experimente und Resultate}{}% 12
\BOOKMARK [1][-]{section.5.1}{Vorbereitung der Eingabedaten}{chapter.5}% 13
\BOOKMARK [1][-]{section.5.2}{Anwendung herk\366mmlicher Shader}{chapter.5}% 14
\BOOKMARK [1][-]{section.5.3}{Hyperparameter}{chapter.5}% 15
\BOOKMARK [1][-]{section.5.4}{Performancebeobachtungen}{chapter.5}% 16
\BOOKMARK [0][-]{chapter.6}{Diskussion}{}% 17
\BOOKMARK [0][-]{chapter*.2}{Literatur}{}% 18
\BOOKMARK [0][-]{chapter*.3}{Bildnachweis}{}% 19
\BOOKMARK [0][-]{chapter*.4}{Abk\374rzungs- und Symbolverzeichnis}{}% 20
\BOOKMARK [0][-]{chapter*.4}{Abbildungsverzeichnis}{}% 21
\BOOKMARK [0][-]{chapter*.5}{Tabellenverzeichnis}{}% 22
